  AssetsManager.cpp
  AssetsManagerEx.cpp
  CCEventAssetsManagerEx.cpp
  CCEventListenerAssetsManagerEx.cpp
C:\Users\Martins\Desktop\C++ Projects\Flatroad\cocos2d\cocos\base/ccUTF8.h : warning C4819: The file contains a character that cannot be represented in the current code page (1257). Save the file in Unicode format to prevent data loss (compiling source file ..\..\extensions\assets-manager\CCEventListenerAssetsManagerEx.cpp)
C:\Users\Martins\Desktop\C++ Projects\Flatroad\cocos2d\cocos\base/ccUTF8.h : warning C4819: The file contains a character that cannot be represented in the current code page (1257). Save the file in Unicode format to prevent data loss (compiling source file ..\..\extensions\assets-manager\AssetsManagerEx.cpp)
  Manifest.cpp
  CCControl.cpp
  CCControlButton.cpp
  CCControlColourPicker.cpp
  CCControlHuePicker.cpp
  CCControlPotentiometer.cpp
  CCControlSaturationBrightnessPicker.cpp
  CCControlSlider.cpp
  CCControlStepper.cpp
  CCControlSwitch.cpp
  CCControlUtils.cpp
  CCInvocation.cpp
  CCScrollView.cpp
  CCTableView.cpp
  CCTableViewCell.cpp
  CCParticle3DAffector.cpp
  CCParticle3DEmitter.cpp
  CCParticle3DRender.cpp
  CCParticleSystem3D.cpp
  CCPUAffector.cpp
  CCPUAffectorManager.cpp
  CCPUAffectorTranslator.cpp
  CCPUAlignAffector.cpp
  CCPUAlignAffectorTranslator.cpp
  CCPUBaseCollider.cpp
  CCPUBaseColliderTranslator.cpp
  CCPUBaseForceAffector.cpp
  CCPUBaseForceAffectorTranslator.cpp
  CCPUBeamRender.cpp
  CCPUBehaviour.cpp
  CCPUBehaviourManager.cpp
  CCPUBehaviourTranslator.cpp
  CCPUBillboardChain.cpp
  CCPUBoxCollider.cpp
  CCPUBoxColliderTranslator.cpp
  CCPUBoxEmitter.cpp
  CCPUBoxEmitterTranslator.cpp
  CCPUCircleEmitter.cpp
  CCPUCircleEmitterTranslator.cpp
  CCPUCollisionAvoidanceAffector.cpp
  CCPUCollisionAvoidanceAffectorTranslator.cpp
  CCPUColorAffector.cpp
  CCPUColorAffectorTranslator.cpp
  CCPUDoAffectorEventHandler.cpp
  CCPUDoAffectorEventHandlerTranslator.cpp
  CCPUDoEnableComponentEventHandler.cpp
  CCPUDoEnableComponentEventHandlerTranslator.cpp
  CCPUDoExpireEventHandler.cpp
  CCPUDoExpireEventHandlerTranslator.cpp
  CCPUDoFreezeEventHandler.cpp
  CCPUDoFreezeEventHandlerTranslator.cpp
  CCPUDoPlacementParticleEventHandler.cpp
  CCPUDoPlacementParticleEventHandlerTranslator.cpp
  CCPUDoScaleEventHandler.cpp
  CCPUDoScaleEventHandlerTranslator.cpp
  CCPUDoStopSystemEventHandler.cpp
  CCPUDoStopSystemEventHandlerTranslator.cpp
  CCPUDynamicAttribute.cpp
  CCPUDynamicAttributeTranslator.cpp
  CCPUEmitter.cpp
  CCPUEmitterManager.cpp
  CCPUEmitterTranslator.cpp
  CCPUEventHandler.cpp
  CCPUEventHandlerManager.cpp
  CCPUEventHandlerTranslator.cpp
  CCPUFlockCenteringAffector.cpp
  CCPUFlockCenteringAffectorTranslator.cpp
  CCPUForceField.cpp
  CCPUForceFieldAffector.cpp
  CCPUForceFieldAffectorTranslator.cpp
  CCPUGeometryRotator.cpp
  CCPUGeometryRotatorTranslator.cpp
  CCPUGravityAffector.cpp
  CCPUGravityAffectorTranslator.cpp
  CCPUInterParticleCollider.cpp
  CCPUInterParticleColliderTranslator.cpp
  CCPUJetAffector.cpp
  CCPUJetAffectorTranslator.cpp
  CCPULineAffector.cpp
  CCPULineAffectorTranslator.cpp
  CCPULinearForceAffector.cpp
  CCPULinearForceAffectorTranslator.cpp
  CCPULineEmitter.cpp
  CCPULineEmitterTranslator.cpp
  CCPUListener.cpp
  CCPUMaterialManager.cpp
  CCPUMaterialTranslator.cpp
  CCPUMeshSurfaceEmitter.cpp
  CCPUMeshSurfaceEmitterTranslator.cpp
  CCPUNoise.cpp
  CCPUObserver.cpp
  CCPUObserverManager.cpp
  CCPUObserverTranslator.cpp
  CCPUOnClearObserver.cpp
  CCPUOnClearObserverTranslator.cpp
  CCPUOnCollisionObserver.cpp
  CCPUOnCollisionObserverTranslator.cpp
  CCPUOnCountObserver.cpp
  CCPUOnCountObserverTranslator.cpp
  CCPUOnEmissionObserver.cpp
  CCPUOnEmissionObserverTranslator.cpp
  CCPUOnEventFlagObserver.cpp
  CCPUOnEventFlagObserverTranslator.cpp
  CCPUOnExpireObserver.cpp
  CCPUOnExpireObserverTranslator.cpp
  CCPUOnPositionObserver.cpp
  CCPUOnPositionObserverTranslator.cpp
  CCPUOnQuotaObserver.cpp
  CCPUOnQuotaObserverTranslator.cpp
  CCPUOnRandomObserver.cpp
  CCPUOnRandomObserverTranslator.cpp
  CCPUOnTimeObserver.cpp
  CCPUOnTimeObserverTranslator.cpp
  CCPUOnVelocityObserver.cpp
  CCPUOnVelocityObserverTranslator.cpp
  CCPUParticleFollower.cpp
  CCPUParticleFollowerTranslator.cpp
  CCPUParticleSystem3D.cpp
  CCPUParticleSystem3DTranslator.cpp
  CCPUPathFollower.cpp
  CCPUPathFollowerTranslator.cpp
  CCPUPlane.cpp
  CCPUPlaneCollider.cpp
  CCPUPlaneColliderTranslator.cpp
  CCPUPointEmitter.cpp
  CCPUPointEmitterTranslator.cpp
  CCPUPositionEmitter.cpp
  CCPUPositionEmitterTranslator.cpp
  CCPURandomiser.cpp
  CCPURandomiserTranslator.cpp
  CCPURender.cpp
  CCPURendererTranslator.cpp
  CCPURibbonTrail.cpp
  CCPURibbonTrailRender.cpp
  CCPUScaleAffector.cpp
  CCPUScaleAffectorTranslator.cpp
  CCPUScaleVelocityAffector.cpp
  CCPUScaleVelocityAffectorTranslator.cpp
  CCPUScriptCompiler.cpp
  CCPUScriptLexer.cpp
  CCPUScriptParser.cpp
  CCPUScriptTranslator.cpp
  CCPUSimpleSpline.cpp
  CCPUSineForceAffector.cpp
  CCPUSineForceAffectorTranslator.cpp
  CCPUSlaveBehaviour.cpp
  CCPUSlaveBehaviourTranslator.cpp
  CCPUSlaveEmitter.cpp
  CCPUSlaveEmitterTranslator.cpp
  CCPUSphere.cpp
  CCPUSphereCollider.cpp
  CCPUSphereColliderTranslator.cpp
  CCPUSphereSurfaceEmitter.cpp
  CCPUSphereSurfaceEmitterTranslator.cpp
  CCPUTechniqueTranslator.cpp
  CCPUTextureAnimator.cpp
  CCPUTextureAnimatorTranslator.cpp
  CCPUTextureRotator.cpp
  CCPUTextureRotatorTranslator.cpp
  CCPUTranslateManager.cpp
  CCPUUtil.cpp
  CCPUVelocityMatchingAffector.cpp
  CCPUVelocityMatchingAffectorTranslator.cpp
  CCPUVertexEmitter.cpp
  CCPUVortexAffector.cpp
  CCPUVortexAffectorTranslator.cpp
  CCPhysicsDebugNode.cpp
  CCPhysicsSprite.cpp
  clipper.cpp
  ConvertUTF.c
  ConvertUTFWrapper.cpp
  edtaa3func.cpp
  flatc.cpp
  idl_gen_cpp.cpp
  idl_gen_fbs.cpp
  idl_gen_general.cpp
  idl_gen_go.cpp
  idl_gen_text.cpp
  idl_parser.cpp
  shapes.cc
  advancing_front.cc
  cdt.cc
  sweep.cc
  sweep_context.cc
  tinyxml2.cpp
  ioapi_mem.cpp
  ioapi.cpp
  unzip.cpp
  xxhash.c
  CCAABB.cpp
  CCAnimate3D.cpp
..\..\external\xxhash\xxhash.c(312): warning C4804: '/': unsafe use of type 'bool' in operation
  CCAnimation3D.cpp
  CCAttachNode.cpp
  CCBillBoard.cpp
  CCBundle3D.cpp
  CCBundleReader.cpp
  CCFrustum.cpp
  CCMesh.cpp
  CCMeshSkin.cpp
  CCMeshVertexIndexData.cpp
  CCMotionStreak3D.cpp
  CCOBB.cpp
  CCObjLoader.cpp
  CCPlane.cpp
  CCRay.cpp
  CCSkeleton3D.cpp
  CCSkybox.cpp
  CCSprite3D.cpp
  CCSprite3DMaterial.cpp
  CCTerrain.cpp
C:\Users\Martins\Desktop\C++ Projects\Flatroad\cocos2d\cocos\base/ccUTF8.h : warning C4819: The file contains a character that cannot be represented in the current code page (1257). Save the file in Unicode format to prevent data loss (compiling source file ..\3d\CCSprite3D.cpp)
  AudioEngine.cpp
  AudioCache.cpp
  AudioDecoder.cpp
  AudioDecoderManager.cpp
  AudioDecoderMp3.cpp
  AudioDecoderOgg.cpp
  AudioEngine-win32.cpp
  AudioPlayer.cpp
  MciPlayer.cpp
  SimpleAudioEngine.cpp
  CCAllocatorDiagnostics.cpp
  CCAllocatorGlobal.cpp
  CCAllocatorGlobalNewDelete.cpp
  atitc.cpp
  base64.cpp
  CCAsyncTaskPool.cpp
  CCAutoreleasePool.cpp
  ccCArray.cpp
  CCConfiguration.cpp
  CCConsole.cpp
  CCData.cpp
  CCDataVisitor.cpp
  CCDirector.cpp
..\base\CCConsole.cpp(434): warning C4477: 'fprintf' : format string '%s' requires an argument of type 'char *', but variadic argument 2 has type 'WCHAR *'
  ..\base\CCConsole.cpp(434): note: consider using '%ls' in the format string
  ..\base\CCConsole.cpp(434): note: consider using '%lls' in the format string
  ..\base\CCConsole.cpp(434): note: consider using '%Ls' in the format string
  ..\base\CCConsole.cpp(434): note: consider using '%ws' in the format string
C:\Users\Martins\Desktop\C++ Projects\Flatroad\cocos2d\cocos\base/ccUTF8.h : warning C4819: The file contains a character that cannot be represented in the current code page (1257). Save the file in Unicode format to prevent data loss (compiling source file ..\base\CCDataVisitor.cpp)
  CCEvent.cpp
  CCEventAcceleration.cpp
  CCEventCustom.cpp
  CCEventDispatcher.cpp
  CCEventFocus.cpp
  CCEventKeyboard.cpp
  CCEventListener.cpp
  CCEventListenerAcceleration.cpp
  CCEventListenerCustom.cpp
  CCEventListenerFocus.cpp
  CCEventListenerKeyboard.cpp
  CCEventListenerMouse.cpp
  CCEventListenerTouch.cpp
  CCEventMouse.cpp
  CCEventTouch.cpp
  ccFPSImages.c
  CCIMEDispatcher.cpp
  CCNinePatchImageParser.cpp
  CCStencilStateManager.cpp
  CCNS.cpp
  CCProfiling.cpp
  CCProperties.cpp
  ccRandom.cpp
  CCRef.cpp
  CCScheduler.cpp
  CCScriptSupport.cpp
C:\Users\Martins\Desktop\C++ Projects\Flatroad\cocos2d\cocos\base/ccUTF8.h : warning C4819: The file contains a character that cannot be represented in the current code page (1257). Save the file in Unicode format to prevent data loss (compiling source file ..\base\CCProperties.cpp)
  CCTouch.cpp
  ccTypes.cpp
  CCUserDefault.cpp
  ccUTF8.cpp
C:\Users\Martins\Desktop\C++ Projects\Flatroad\cocos2d\cocos\base/ccUTF8.h : warning C4819: The file contains a character that cannot be represented in the current code page (1257). Save the file in Unicode format to prevent data loss (compiling source file ..\base\ccUTF8.cpp)
  ccUtils.cpp
  CCValue.cpp
  etc1.cpp
  pvr.cpp
  ObjectFactory.cpp
  s3tc.cpp
  TGAlib.cpp
  ZipUtils.cpp
  cocos2d.cpp
  CCArray.cpp
  CCDeprecated.cpp
C:\Users\Martins\Desktop\C++ Projects\Flatroad\cocos2d\cocos\base/ccUTF8.h : warning C4819: The file contains a character that cannot be represented in the current code page (1257). Save the file in Unicode format to prevent data loss (compiling source file ..\deprecated\CCArray.cpp)
  CCDictionary.cpp
  CCNotificationCenter.cpp
C:\Users\Martins\Desktop\C++ Projects\Flatroad\cocos2d\cocos\base/ccUTF8.h : warning C4819: The file contains a character that cannot be represented in the current code page (1257). Save the file in Unicode format to prevent data loss (compiling source file ..\deprecated\CCDictionary.cpp)
  CCSet.cpp
  CCString.cpp
  CCBAnimationManager.cpp
  CCBFileLoader.cpp
C:\Users\Martins\Desktop\C++ Projects\Flatroad\cocos2d\cocos\base/ccUTF8.h : warning C4819: The file contains a character that cannot be represented in the current code page (1257). Save the file in Unicode format to prevent data loss (compiling source file ..\deprecated\CCDeprecated.cpp)
C:\Users\Martins\Desktop\C++ Projects\Flatroad\cocos2d\cocos\base/ccUTF8.h : warning C4819: The file contains a character that cannot be represented in the current code page (1257). Save the file in Unicode format to prevent data loss (compiling source file ..\deprecated\CCString.cpp)
  CCBKeyframe.cpp
  CCBReader.cpp
  CCBSequence.cpp
  CCBSequenceProperty.cpp
  CCControlButtonLoader.cpp
  CCControlLoader.cpp
  CCLabelBMFontLoader.cpp
  CCLabelTTFLoader.cpp
  CCLayerColorLoader.cpp
  CCLayerGradientLoader.cpp
  CCLayerLoader.cpp
  CCMenuItemImageLoader.cpp
  CCMenuItemLoader.cpp
  CCNode+CCBRelativePositioning.cpp
  CCNodeLoader.cpp
C:\Users\Martins\Desktop\C++ Projects\Flatroad\cocos2d\cocos\base/ccUTF8.h : warning C4819: The file contains a character that cannot be represented in the current code page (1257). Save the file in Unicode format to prevent data loss (compiling source file ..\editor-support\cocosbuilder\CCNodeLoader.cpp)
  CCNodeLoaderLibrary.cpp
  CCParticleSystemQuadLoader.cpp
  CCScale9SpriteLoader.cpp
  CCScrollViewLoader.cpp
  CCSpriteLoader.cpp
  CCActionTimeline.cpp
  CCActionTimelineCache.cpp
  CCActionTimelineNode.cpp
C:\Users\Martins\Desktop\C++ Projects\Flatroad\cocos2d\cocos\editor-support/cocostudio/CSParseBinary_generated.h(1522): warning C4305: 'argument': truncation from 'double' to 'float' (compiling source file ..\editor-support\cocostudio\ActionTimeline\CCActionTimelineCache.cpp)
C:\Users\Martins\Desktop\C++ Projects\Flatroad\cocos2d\cocos\editor-support/cocostudio/CSParseBinary_generated.h(1569): warning C4305: 'argument': truncation from 'double' to 'float' (compiling source file ..\editor-support\cocostudio\ActionTimeline\CCActionTimelineCache.cpp)
  CCBoneNode.cpp
  CCFrame.cpp
  CCSkeletonNode.cpp
  CCSkinNode.cpp
  CCTimeLine.cpp
  CSLoader.cpp
  CCActionFrame.cpp
  CCActionFrameEasing.cpp
C:\Users\Martins\Desktop\C++ Projects\Flatroad\cocos2d\cocos\base/ccUTF8.h : warning C4819: The file contains a character that cannot be represented in the current code page (1257). Save the file in Unicode format to prevent data loss (compiling source file ..\editor-support\cocostudio\ActionTimeline\CSLoader.cpp)
  CCActionManagerEx.cpp
  CCActionNode.cpp
  CCActionObject.cpp
C:\Users\Martins\Desktop\C++ Projects\Flatroad\cocos2d\cocos\editor-support/cocostudio/CSParseBinary_generated.h(1522): warning C4305: 'argument': truncation from 'double' to 'float' (compiling source file ..\editor-support\cocostudio\ActionTimeline\CSLoader.cpp)
C:\Users\Martins\Desktop\C++ Projects\Flatroad\cocos2d\cocos\editor-support/cocostudio/CSParseBinary_generated.h(1569): warning C4305: 'argument': truncation from 'double' to 'float' (compiling source file ..\editor-support\cocostudio\ActionTimeline\CSLoader.cpp)
  CCArmature.cpp
  CCArmatureAnimation.cpp
  CCArmatureDataManager.cpp
  CCArmatureDefine.cpp
  CCBatchNode.cpp
  CCBone.cpp
  CCColliderDetector.cpp
  CCComAttribute.cpp
  CCComAudio.cpp
  CCComController.cpp
  CCComRender.cpp
  CCDataReaderHelper.cpp
  CCDatas.cpp
  CCDecorativeDisplay.cpp
  CCDisplayFactory.cpp
  CCDisplayManager.cpp
  CCInputDelegate.cpp
  CCComExtensionData.cpp
  CCProcessBase.cpp
  CCSGUIReader.cpp
  CCSkin.cpp
  CCSpriteFrameCacheHelper.cpp
  CCSSceneReader.cpp
  CCTransformHelp.cpp
  CCTween.cpp
  CCUtilMath.cpp
  CocoLoader.cpp
  CocoStudio.cpp
  DictionaryHelper.cpp
  FlatBuffersSerialize.cpp
  LocalizationManager.cpp
  TriggerBase.cpp
  TriggerMng.cpp
C:\Users\Martins\Desktop\C++ Projects\Flatroad\cocos2d\cocos\editor-support/cocostudio/CSParseBinary_generated.h(1522): warning C4305: 'argument': truncation from 'double' to 'float' (compiling source file ..\editor-support\cocostudio\FlatBuffersSerialize.cpp)
C:\Users\Martins\Desktop\C++ Projects\Flatroad\cocos2d\cocos\editor-support/cocostudio/CSParseBinary_generated.h(1569): warning C4305: 'argument': truncation from 'double' to 'float' (compiling source file ..\editor-support\cocostudio\FlatBuffersSerialize.cpp)
  TriggerObj.cpp
  WidgetCallBackHandlerProtocol.cpp
  ArmatureNodeReader.cpp
C:\Users\Martins\Desktop\C++ Projects\Flatroad\cocos2d\cocos\editor-support/cocostudio/CSParseBinary_generated.h(1522): warning C4305: 'argument': truncation from 'double' to 'float' (compiling source file ..\editor-support\cocostudio\WidgetReader\ArmatureNodeReader\ArmatureNodeReader.cpp)
C:\Users\Martins\Desktop\C++ Projects\Flatroad\cocos2d\cocos\editor-support/cocostudio/CSParseBinary_generated.h(1569): warning C4305: 'argument': truncation from 'double' to 'float' (compiling source file ..\editor-support\cocostudio\WidgetReader\ArmatureNodeReader\ArmatureNodeReader.cpp)
  ButtonReader.cpp
  CheckBoxReader.cpp
C:\Users\Martins\Desktop\C++ Projects\Flatroad\cocos2d\cocos\editor-support/cocostudio/CSParseBinary_generated.h(1522): warning C4305: 'argument': truncation from 'double' to 'float' (compiling source file ..\editor-support\cocostudio\WidgetReader\ButtonReader\ButtonReader.cpp)
C:\Users\Martins\Desktop\C++ Projects\Flatroad\cocos2d\cocos\editor-support/cocostudio/CSParseBinary_generated.h(1569): warning C4305: 'argument': truncation from 'double' to 'float' (compiling source file ..\editor-support\cocostudio\WidgetReader\ButtonReader\ButtonReader.cpp)
  ComAudioReader.cpp
  GameMapReader.cpp
C:\Users\Martins\Desktop\C++ Projects\Flatroad\cocos2d\cocos\editor-support/cocostudio/CSParseBinary_generated.h(1522): warning C4305: 'argument': truncation from 'double' to 'float' (compiling source file ..\editor-support\cocostudio\WidgetReader\CheckBoxReader\CheckBoxReader.cpp)
C:\Users\Martins\Desktop\C++ Projects\Flatroad\cocos2d\cocos\editor-support/cocostudio/CSParseBinary_generated.h(1569): warning C4305: 'argument': truncation from 'double' to 'float' (compiling source file ..\editor-support\cocostudio\WidgetReader\CheckBoxReader\CheckBoxReader.cpp)
C:\Users\Martins\Desktop\C++ Projects\Flatroad\cocos2d\cocos\editor-support/cocostudio/CSParseBinary_generated.h(1522): warning C4305: 'argument': truncation from 'double' to 'float' (compiling source file ..\editor-support\cocostudio\WidgetReader\ComAudioReader\ComAudioReader.cpp)
C:\Users\Martins\Desktop\C++ Projects\Flatroad\cocos2d\cocos\editor-support/cocostudio/CSParseBinary_generated.h(1569): warning C4305: 'argument': truncation from 'double' to 'float' (compiling source file ..\editor-support\cocostudio\WidgetReader\ComAudioReader\ComAudioReader.cpp)
  GameNode3DReader.cpp
  ImageViewReader.cpp
C:\Users\Martins\Desktop\C++ Projects\Flatroad\cocos2d\cocos\base/ccUTF8.h : warning C4819: The file contains a character that cannot be represented in the current code page (1257). Save the file in Unicode format to prevent data loss (compiling source file ..\editor-support\cocostudio\WidgetReader\GameMapReader\GameMapReader.cpp)
C:\Users\Martins\Desktop\C++ Projects\Flatroad\cocos2d\cocos\editor-support/cocostudio/CSParseBinary_generated.h(1522): warning C4305: 'argument': truncation from 'double' to 'float' (compiling source file ..\editor-support\cocostudio\WidgetReader\GameMapReader\GameMapReader.cpp)
C:\Users\Martins\Desktop\C++ Projects\Flatroad\cocos2d\cocos\editor-support/cocostudio/CSParseBinary_generated.h(1569): warning C4305: 'argument': truncation from 'double' to 'float' (compiling source file ..\editor-support\cocostudio\WidgetReader\GameMapReader\GameMapReader.cpp)
  LayoutReader.cpp
C:\Users\Martins\Desktop\C++ Projects\Flatroad\cocos2d\cocos\editor-support/cocostudio/CSParseBinary_generated.h(1522): warning C4305: 'argument': truncation from 'double' to 'float' (compiling source file ..\editor-support\cocostudio\WidgetReader\GameNode3DReader\GameNode3DReader.cpp)
C:\Users\Martins\Desktop\C++ Projects\Flatroad\cocos2d\cocos\editor-support/cocostudio/CSParseBinary_generated.h(1569): warning C4305: 'argument': truncation from 'double' to 'float' (compiling source file ..\editor-support\cocostudio\WidgetReader\GameNode3DReader\GameNode3DReader.cpp)
C:\Users\Martins\Desktop\C++ Projects\Flatroad\cocos2d\cocos\editor-support/cocostudio/CSParseBinary_generated.h(1522): warning C4305: 'argument': truncation from 'double' to 'float' (compiling source file ..\editor-support\cocostudio\WidgetReader\ImageViewReader\ImageViewReader.cpp)
C:\Users\Martins\Desktop\C++ Projects\Flatroad\cocos2d\cocos\editor-support/cocostudio/CSParseBinary_generated.h(1569): warning C4305: 'argument': truncation from 'double' to 'float' (compiling source file ..\editor-support\cocostudio\WidgetReader\ImageViewReader\ImageViewReader.cpp)
  Light3DReader.cpp
C:\Users\Martins\Desktop\C++ Projects\Flatroad\cocos2d\cocos\editor-support/cocostudio/CSParseBinary_generated.h(1522): warning C4305: 'argument': truncation from 'double' to 'float' (compiling source file ..\editor-support\cocostudio\WidgetReader\LayoutReader\LayoutReader.cpp)
C:\Users\Martins\Desktop\C++ Projects\Flatroad\cocos2d\cocos\editor-support/cocostudio/CSParseBinary_generated.h(1569): warning C4305: 'argument': truncation from 'double' to 'float' (compiling source file ..\editor-support\cocostudio\WidgetReader\LayoutReader\LayoutReader.cpp)
  ListViewReader.cpp
C:\Users\Martins\Desktop\C++ Projects\Flatroad\cocos2d\cocos\editor-support/cocostudio/CSParseBinary_generated.h(1522): warning C4305: 'argument': truncation from 'double' to 'float' (compiling source file ..\editor-support\cocostudio\WidgetReader\Light3DReader\Light3DReader.cpp)
C:\Users\Martins\Desktop\C++ Projects\Flatroad\cocos2d\cocos\editor-support/cocostudio/CSParseBinary_generated.h(1569): warning C4305: 'argument': truncation from 'double' to 'float' (compiling source file ..\editor-support\cocostudio\WidgetReader\Light3DReader\Light3DReader.cpp)
  LoadingBarReader.cpp
  NodeReaderDefine.cpp
  NodeReaderProtocol.cpp
  NodeReader.cpp
C:\Users\Martins\Desktop\C++ Projects\Flatroad\cocos2d\cocos\editor-support/cocostudio/CSParseBinary_generated.h(1522): warning C4305: 'argument': truncation from 'double' to 'float' (compiling source file ..\editor-support\cocostudio\WidgetReader\ListViewReader\ListViewReader.cpp)
C:\Users\Martins\Desktop\C++ Projects\Flatroad\cocos2d\cocos\editor-support/cocostudio/CSParseBinary_generated.h(1569): warning C4305: 'argument': truncation from 'double' to 'float' (compiling source file ..\editor-support\cocostudio\WidgetReader\ListViewReader\ListViewReader.cpp)
C:\Users\Martins\Desktop\C++ Projects\Flatroad\cocos2d\cocos\editor-support/cocostudio/CSParseBinary_generated.h(1522): warning C4305: 'argument': truncation from 'double' to 'float' (compiling source file ..\editor-support\cocostudio\WidgetReader\NodeReader\NodeReader.cpp)
C:\Users\Martins\Desktop\C++ Projects\Flatroad\cocos2d\cocos\editor-support/cocostudio/CSParseBinary_generated.h(1569): warning C4305: 'argument': truncation from 'double' to 'float' (compiling source file ..\editor-support\cocostudio\WidgetReader\NodeReader\NodeReader.cpp)
  PageViewReader.cpp
C:\Users\Martins\Desktop\C++ Projects\Flatroad\cocos2d\cocos\editor-support/cocostudio/CSParseBinary_generated.h(1522): warning C4305: 'argument': truncation from 'double' to 'float' (compiling source file ..\editor-support\cocostudio\WidgetReader\LoadingBarReader\LoadingBarReader.cpp)
C:\Users\Martins\Desktop\C++ Projects\Flatroad\cocos2d\cocos\editor-support/cocostudio/CSParseBinary_generated.h(1569): warning C4305: 'argument': truncation from 'double' to 'float' (compiling source file ..\editor-support\cocostudio\WidgetReader\LoadingBarReader\LoadingBarReader.cpp)
  ParticleReader.cpp
  ProjectNodeReader.cpp
C:\Users\Martins\Desktop\C++ Projects\Flatroad\cocos2d\cocos\editor-support/cocostudio/CSParseBinary_generated.h(1522): warning C4305: 'argument': truncation from 'double' to 'float' (compiling source file ..\editor-support\cocostudio\WidgetReader\PageViewReader\PageViewReader.cpp)
C:\Users\Martins\Desktop\C++ Projects\Flatroad\cocos2d\cocos\editor-support/cocostudio/CSParseBinary_generated.h(1569): warning C4305: 'argument': truncation from 'double' to 'float' (compiling source file ..\editor-support\cocostudio\WidgetReader\PageViewReader\PageViewReader.cpp)
C:\Users\Martins\Desktop\C++ Projects\Flatroad\cocos2d\cocos\editor-support/cocostudio/CSParseBinary_generated.h(1522): warning C4305: 'argument': truncation from 'double' to 'float' (compiling source file ..\editor-support\cocostudio\WidgetReader\ProjectNodeReader\ProjectNodeReader.cpp)
C:\Users\Martins\Desktop\C++ Projects\Flatroad\cocos2d\cocos\editor-support/cocostudio/CSParseBinary_generated.h(1569): warning C4305: 'argument': truncation from 'double' to 'float' (compiling source file ..\editor-support\cocostudio\WidgetReader\ProjectNodeReader\ProjectNodeReader.cpp)
  ScrollViewReader.cpp
C:\Users\Martins\Desktop\C++ Projects\Flatroad\cocos2d\cocos\editor-support/cocostudio/CSParseBinary_generated.h(1522): warning C4305: 'argument': truncation from 'double' to 'float' (compiling source file ..\editor-support\cocostudio\WidgetReader\ParticleReader\ParticleReader.cpp)
C:\Users\Martins\Desktop\C++ Projects\Flatroad\cocos2d\cocos\editor-support/cocostudio/CSParseBinary_generated.h(1569): warning C4305: 'argument': truncation from 'double' to 'float' (compiling source file ..\editor-support\cocostudio\WidgetReader\ParticleReader\ParticleReader.cpp)
  SingleNodeReader.cpp
C:\Users\Martins\Desktop\C++ Projects\Flatroad\cocos2d\cocos\editor-support/cocostudio/CSParseBinary_generated.h(1522): warning C4305: 'argument': truncation from 'double' to 'float' (compiling source file ..\editor-support\cocostudio\WidgetReader\SingleNodeReader\SingleNodeReader.cpp)
C:\Users\Martins\Desktop\C++ Projects\Flatroad\cocos2d\cocos\editor-support/cocostudio/CSParseBinary_generated.h(1569): warning C4305: 'argument': truncation from 'double' to 'float' (compiling source file ..\editor-support\cocostudio\WidgetReader\SingleNodeReader\SingleNodeReader.cpp)
  BoneNodeReader.cpp
  SkeletonNodeReader.cpp
C:\Users\Martins\Desktop\C++ Projects\Flatroad\cocos2d\cocos\editor-support/cocostudio/CSParseBinary_generated.h(1522): warning C4305: 'argument': truncation from 'double' to 'float' (compiling source file ..\editor-support\cocostudio\WidgetReader\ScrollViewReader\ScrollViewReader.cpp)
C:\Users\Martins\Desktop\C++ Projects\Flatroad\cocos2d\cocos\editor-support/cocostudio/CSParseBinary_generated.h(1569): warning C4305: 'argument': truncation from 'double' to 'float' (compiling source file ..\editor-support\cocostudio\WidgetReader\ScrollViewReader\ScrollViewReader.cpp)
C:\Users\Martins\Desktop\C++ Projects\Flatroad\cocos2d\cocos\editor-support/cocostudio/CSParseBinary_generated.h(1522): warning C4305: 'argument': truncation from 'double' to 'float' (compiling source file ..\editor-support\cocostudio\WidgetReader\SkeletonReader\BoneNodeReader.cpp)
C:\Users\Martins\Desktop\C++ Projects\Flatroad\cocos2d\cocos\editor-support/cocostudio/CSParseBinary_generated.h(1569): warning C4305: 'argument': truncation from 'double' to 'float' (compiling source file ..\editor-support\cocostudio\WidgetReader\SkeletonReader\BoneNodeReader.cpp)
C:\Users\Martins\Desktop\C++ Projects\Flatroad\cocos2d\cocos\editor-support/cocostudio/CSParseBinary_generated.h(1522): warning C4305: 'argument': truncation from 'double' to 'float' (compiling source file ..\editor-support\cocostudio\WidgetReader\SkeletonReader\SkeletonNodeReader.cpp)
C:\Users\Martins\Desktop\C++ Projects\Flatroad\cocos2d\cocos\editor-support/cocostudio/CSParseBinary_generated.h(1569): warning C4305: 'argument': truncation from 'double' to 'float' (compiling source file ..\editor-support\cocostudio\WidgetReader\SkeletonReader\SkeletonNodeReader.cpp)
  SliderReader.cpp
  SpriteReader.cpp
  TabControlReader.cpp
  TextAtlasReader.cpp
C:\Users\Martins\Desktop\C++ Projects\Flatroad\cocos2d\cocos\editor-support/cocostudio/CSParseBinary_generated.h(1522): warning C4305: 'argument': truncation from 'double' to 'float' (compiling source file ..\editor-support\cocostudio\WidgetReader\SpriteReader\SpriteReader.cpp)
C:\Users\Martins\Desktop\C++ Projects\Flatroad\cocos2d\cocos\editor-support/cocostudio/CSParseBinary_generated.h(1569): warning C4305: 'argument': truncation from 'double' to 'float' (compiling source file ..\editor-support\cocostudio\WidgetReader\SpriteReader\SpriteReader.cpp)
C:\Users\Martins\Desktop\C++ Projects\Flatroad\cocos2d\cocos\editor-support/cocostudio/CSParseBinary_generated.h(1522): warning C4305: 'argument': truncation from 'double' to 'float' (compiling source file ..\editor-support\cocostudio\WidgetReader\SliderReader\SliderReader.cpp)
C:\Users\Martins\Desktop\C++ Projects\Flatroad\cocos2d\cocos\editor-support/cocostudio/CSParseBinary_generated.h(1569): warning C4305: 'argument': truncation from 'double' to 'float' (compiling source file ..\editor-support\cocostudio\WidgetReader\SliderReader\SliderReader.cpp)
C:\Users\Martins\Desktop\C++ Projects\Flatroad\cocos2d\cocos\editor-support/cocostudio/CSParseBinary_generated.h(1522): warning C4305: 'argument': truncation from 'double' to 'float' (compiling source file ..\editor-support\cocostudio\WidgetReader\TabControlReader\TabControlReader.cpp)
C:\Users\Martins\Desktop\C++ Projects\Flatroad\cocos2d\cocos\editor-support/cocostudio/CSParseBinary_generated.h(1569): warning C4305: 'argument': truncation from 'double' to 'float' (compiling source file ..\editor-support\cocostudio\WidgetReader\TabControlReader\TabControlReader.cpp)
C:\Users\Martins\Desktop\C++ Projects\Flatroad\cocos2d\cocos\editor-support/cocostudio/CSParseBinary_generated.h(1522): warning C4305: 'argument': truncation from 'double' to 'float' (compiling source file ..\editor-support\cocostudio\WidgetReader\TextAtlasReader\TextAtlasReader.cpp)
C:\Users\Martins\Desktop\C++ Projects\Flatroad\cocos2d\cocos\editor-support/cocostudio/CSParseBinary_generated.h(1569): warning C4305: 'argument': truncation from 'double' to 'float' (compiling source file ..\editor-support\cocostudio\WidgetReader\TextAtlasReader\TextAtlasReader.cpp)
  TextBMFontReader.cpp
  TextFieldReader.cpp
  TextReader.cpp
  Node3DReader.cpp
C:\Users\Martins\Desktop\C++ Projects\Flatroad\cocos2d\cocos\editor-support/cocostudio/CSParseBinary_generated.h(1522): warning C4305: 'argument': truncation from 'double' to 'float' (compiling source file ..\editor-support\cocostudio\WidgetReader\TextBMFontReader\TextBMFontReader.cpp)
C:\Users\Martins\Desktop\C++ Projects\Flatroad\cocos2d\cocos\editor-support/cocostudio/CSParseBinary_generated.h(1569): warning C4305: 'argument': truncation from 'double' to 'float' (compiling source file ..\editor-support\cocostudio\WidgetReader\TextBMFontReader\TextBMFontReader.cpp)
C:\Users\Martins\Desktop\C++ Projects\Flatroad\cocos2d\cocos\editor-support/cocostudio/CSParseBinary_generated.h(1522): warning C4305: 'argument': truncation from 'double' to 'float' (compiling source file ..\editor-support\cocostudio\WidgetReader\TextFieldReader\TextFieldReader.cpp)
C:\Users\Martins\Desktop\C++ Projects\Flatroad\cocos2d\cocos\editor-support/cocostudio/CSParseBinary_generated.h(1569): warning C4305: 'argument': truncation from 'double' to 'float' (compiling source file ..\editor-support\cocostudio\WidgetReader\TextFieldReader\TextFieldReader.cpp)
C:\Users\Martins\Desktop\C++ Projects\Flatroad\cocos2d\cocos\editor-support/cocostudio/CSParseBinary_generated.h(1522): warning C4305: 'argument': truncation from 'double' to 'float' (compiling source file ..\editor-support\cocostudio\WidgetReader\Node3DReader\Node3DReader.cpp)
C:\Users\Martins\Desktop\C++ Projects\Flatroad\cocos2d\cocos\editor-support/cocostudio/CSParseBinary_generated.h(1569): warning C4305: 'argument': truncation from 'double' to 'float' (compiling source file ..\editor-support\cocostudio\WidgetReader\Node3DReader\Node3DReader.cpp)
C:\Users\Martins\Desktop\C++ Projects\Flatroad\cocos2d\cocos\editor-support/cocostudio/CSParseBinary_generated.h(1522): warning C4305: 'argument': truncation from 'double' to 'float' (compiling source file ..\editor-support\cocostudio\WidgetReader\TextReader\TextReader.cpp)
C:\Users\Martins\Desktop\C++ Projects\Flatroad\cocos2d\cocos\editor-support/cocostudio/CSParseBinary_generated.h(1569): warning C4305: 'argument': truncation from 'double' to 'float' (compiling source file ..\editor-support\cocostudio\WidgetReader\TextReader\TextReader.cpp)
  Sprite3DReader.cpp
  UserCameraReader.cpp
  Particle3DReader.cpp
  WidgetReader.cpp
C:\Users\Martins\Desktop\C++ Projects\Flatroad\cocos2d\cocos\editor-support/cocostudio/CSParseBinary_generated.h(1522): warning C4305: 'argument': truncation from 'double' to 'float' (compiling source file ..\editor-support\cocostudio\WidgetReader\Sprite3DReader\Sprite3DReader.cpp)
C:\Users\Martins\Desktop\C++ Projects\Flatroad\cocos2d\cocos\editor-support/cocostudio/CSParseBinary_generated.h(1569): warning C4305: 'argument': truncation from 'double' to 'float' (compiling source file ..\editor-support\cocostudio\WidgetReader\Sprite3DReader\Sprite3DReader.cpp)
C:\Users\Martins\Desktop\C++ Projects\Flatroad\cocos2d\cocos\editor-support/cocostudio/CSParseBinary_generated.h(1522): warning C4305: 'argument': truncation from 'double' to 'float' (compiling source file ..\editor-support\cocostudio\WidgetReader\Particle3DReader\Particle3DReader.cpp)
C:\Users\Martins\Desktop\C++ Projects\Flatroad\cocos2d\cocos\editor-support/cocostudio/CSParseBinary_generated.h(1569): warning C4305: 'argument': truncation from 'double' to 'float' (compiling source file ..\editor-support\cocostudio\WidgetReader\Particle3DReader\Particle3DReader.cpp)
C:\Users\Martins\Desktop\C++ Projects\Flatroad\cocos2d\cocos\editor-support/cocostudio/CSParseBinary_generated.h(1522): warning C4305: 'argument': truncation from 'double' to 'float' (compiling source file ..\editor-support\cocostudio\WidgetReader\UserCameraReader\UserCameraReader.cpp)
C:\Users\Martins\Desktop\C++ Projects\Flatroad\cocos2d\cocos\editor-support/cocostudio/CSParseBinary_generated.h(1569): warning C4305: 'argument': truncation from 'double' to 'float' (compiling source file ..\editor-support\cocostudio\WidgetReader\UserCameraReader\UserCameraReader.cpp)
C:\Users\Martins\Desktop\C++ Projects\Flatroad\cocos2d\cocos\editor-support/cocostudio/CSParseBinary_generated.h(1522): warning C4305: 'argument': truncation from 'double' to 'float' (compiling source file ..\editor-support\cocostudio\WidgetReader\WidgetReader.cpp)
C:\Users\Martins\Desktop\C++ Projects\Flatroad\cocos2d\cocos\editor-support/cocostudio/CSParseBinary_generated.h(1569): warning C4305: 'argument': truncation from 'double' to 'float' (compiling source file ..\editor-support\cocostudio\WidgetReader\WidgetReader.cpp)
  CCAffineTransform.cpp
  CCGeometry.cpp
  CCVertex.cpp
  Mat4.cpp
  MathUtil.cpp
  Quaternion.cpp
  TransformUtils.cpp
  Vec2.cpp
  Vec3.cpp
  Vec4.cpp
  CCNavMesh.cpp
  CCNavMeshAgent.cpp
  CCNavMeshDebugDraw.cpp
  CCNavMeshObstacle.cpp
  CCNavMeshUtils.cpp
  CCDownloader-curl.cpp
  CCDownloader.cpp
  HttpClient.cpp
  SocketIO.cpp
  WebSocket.cpp
C:\Users\Martins\Desktop\C++ Projects\Flatroad\cocos2d\cocos\base/ccUTF8.h : warning C4819: The file contains a character that cannot be represented in the current code page (1257). Save the file in Unicode format to prevent data loss (compiling source file ..\network\SocketIO.cpp)
  CCPhysics3D.cpp
  CCPhysics3DComponent.cpp
  CCPhysics3DConstraint.cpp
  CCPhysics3DDebugDrawer.cpp
c:\users\martins\desktop\c++ projects\flatroad\cocos2d\external\bullet\bulletcollision\broadphasecollision\btDbvtBroadphase.h(62): warning C4099: 'btDbvtBroadphase': type name first seen using 'class' now seen using 'struct' (compiling source file ..\physics3d\CCPhysics3D.cpp)
  c:\users\martins\desktop\c++ projects\flatroad\cocos2d\external\bullet\bulletcollision\broadphasecollision\btDbvtBroadphase.h(62): note: see declaration of 'btDbvtBroadphase' (compiling source file ..\physics3d\CCPhysics3D.cpp)
c:\users\martins\desktop\c++ projects\flatroad\cocos2d\external\bullet\bulletcollision\broadphasecollision\btDbvtBroadphase.h(62): warning C4099: 'btDbvtBroadphase': type name first seen using 'class' now seen using 'struct' (compiling source file ..\physics3d\CCPhysics3DComponent.cpp)
  c:\users\martins\desktop\c++ projects\flatroad\cocos2d\external\bullet\bulletcollision\broadphasecollision\btDbvtBroadphase.h(62): note: see declaration of 'btDbvtBroadphase' (compiling source file ..\physics3d\CCPhysics3DComponent.cpp)
c:\users\martins\desktop\c++ projects\flatroad\cocos2d\external\bullet\bulletcollision\broadphasecollision\btDbvtBroadphase.h(62): warning C4099: 'btDbvtBroadphase': type name first seen using 'class' now seen using 'struct' (compiling source file ..\physics3d\CCPhysics3DConstraint.cpp)
  c:\users\martins\desktop\c++ projects\flatroad\cocos2d\external\bullet\bulletcollision\broadphasecollision\btDbvtBroadphase.h(62): note: see declaration of 'btDbvtBroadphase' (compiling source file ..\physics3d\CCPhysics3DConstraint.cpp)
c:\users\martins\desktop\c++ projects\flatroad\cocos2d\external\bullet\bulletcollision\broadphasecollision\btDbvtBroadphase.h(62): warning C4099: 'btDbvtBroadphase': type name first seen using 'class' now seen using 'struct' (compiling source file ..\physics3d\CCPhysics3DDebugDrawer.cpp)
  c:\users\martins\desktop\c++ projects\flatroad\cocos2d\external\bullet\bulletcollision\broadphasecollision\btDbvtBroadphase.h(62): note: see declaration of 'btDbvtBroadphase' (compiling source file ..\physics3d\CCPhysics3DDebugDrawer.cpp)
  CCPhysics3DObject.cpp
  CCPhysics3DShape.cpp
  CCPhysics3DWorld.cpp
c:\users\martins\desktop\c++ projects\flatroad\cocos2d\external\bullet\bulletcollision\broadphasecollision\btDbvtBroadphase.h(62): warning C4099: 'btDbvtBroadphase': type name first seen using 'class' now seen using 'struct' (compiling source file ..\physics3d\CCPhysics3DObject.cpp)
  c:\users\martins\desktop\c++ projects\flatroad\cocos2d\external\bullet\bulletcollision\broadphasecollision\btDbvtBroadphase.h(62): note: see declaration of 'btDbvtBroadphase' (compiling source file ..\physics3d\CCPhysics3DObject.cpp)
C:\Users\Martins\Desktop\C++ Projects\Flatroad\cocos2d\cocos\base/ccUTF8.h : warning C4819: The file contains a character that cannot be represented in the current code page (1257). Save the file in Unicode format to prevent data loss (compiling source file ..\physics3d\CCPhysics3DObject.cpp)
c:\users\martins\desktop\c++ projects\flatroad\cocos2d\external\bullet\bulletcollision\broadphasecollision\btDbvtBroadphase.h(62): warning C4099: 'btDbvtBroadphase': type name first seen using 'class' now seen using 'struct' (compiling source file ..\physics3d\CCPhysics3DShape.cpp)
  c:\users\martins\desktop\c++ projects\flatroad\cocos2d\external\bullet\bulletcollision\broadphasecollision\btDbvtBroadphase.h(62): note: see declaration of 'btDbvtBroadphase' (compiling source file ..\physics3d\CCPhysics3DShape.cpp)
  CCPhysicsSprite3D.cpp
c:\users\martins\desktop\c++ projects\flatroad\cocos2d\external\bullet\bulletcollision\broadphasecollision\btDbvtBroadphase.h(62): warning C4099: 'btDbvtBroadphase': type name first seen using 'class' now seen using 'struct' (compiling source file ..\physics3d\CCPhysics3DWorld.cpp)
  c:\users\martins\desktop\c++ projects\flatroad\cocos2d\external\bullet\bulletcollision\broadphasecollision\btDbvtBroadphase.h(62): note: see declaration of 'btDbvtBroadphase' (compiling source file ..\physics3d\CCPhysics3DWorld.cpp)
  CCPhysicsBody.cpp
  CCPhysicsContact.cpp
c:\users\martins\desktop\c++ projects\flatroad\cocos2d\external\bullet\bulletcollision\broadphasecollision\btDbvtBroadphase.h(62): warning C4099: 'btDbvtBroadphase': type name first seen using 'class' now seen using 'struct' (compiling source file ..\physics3d\CCPhysicsSprite3D.cpp)
  c:\users\martins\desktop\c++ projects\flatroad\cocos2d\external\bullet\bulletcollision\broadphasecollision\btDbvtBroadphase.h(62): note: see declaration of 'btDbvtBroadphase' (compiling source file ..\physics3d\CCPhysicsSprite3D.cpp)
  CCPhysicsJoint.cpp
  CCPhysicsShape.cpp
  CCPhysicsWorld.cpp
  CCFileUtils.cpp
  CCGLView.cpp
  CCImage.cpp
  CCSAXParser.cpp
  CCThread.cpp
  CCGLViewImpl-desktop.cpp
C:\Users\Martins\Desktop\C++ Projects\Flatroad\cocos2d\cocos\base/ccUTF8.h : warning C4819: The file contains a character that cannot be represented in the current code page (1257). Save the file in Unicode format to prevent data loss (compiling source file ..\platform\desktop\CCGLViewImpl-desktop.cpp)
  CCApplication-win32.cpp
  CCCommon-win32.cpp
  CCDevice-win32.cpp
  CCFileUtils-win32.cpp
  CCStdC-win32.cpp
  CCUtils-win32.cpp
  CCBatchCommand.cpp
  CCCustomCommand.cpp
  CCFrameBuffer.cpp
  CCGLProgram.cpp
  CCGLProgramCache.cpp
  CCGLProgramState.cpp
C:\Users\Martins\Desktop\C++ Projects\Flatroad\cocos2d\cocos\base/ccUTF8.h : warning C4819: The file contains a character that cannot be represented in the current code page (1257). Save the file in Unicode format to prevent data loss (compiling source file ..\renderer\CCGLProgram.cpp)
  CCGLProgramStateCache.cpp
  ccGLStateCache.cpp
  CCGroupCommand.cpp
  CCMaterial.cpp
  CCMeshCommand.cpp
  CCPass.cpp
  CCPrimitive.cpp
  CCPrimitiveCommand.cpp
  CCQuadCommand.cpp
  CCRenderCommand.cpp
  CCRenderer.cpp
  CCRenderState.cpp
  ccShaders.cpp
  CCTechnique.cpp
  CCTexture2D.cpp
  CCTextureAtlas.cpp
C:\Users\Martins\Desktop\C++ Projects\Flatroad\cocos2d\cocos\base/ccUTF8.h : warning C4819: The file contains a character that cannot be represented in the current code page (1257). Save the file in Unicode format to prevent data loss (compiling source file ..\renderer\CCTexture2D.cpp)
  CCTextureCache.cpp
C:\Users\Martins\Desktop\C++ Projects\Flatroad\cocos2d\cocos\base/ccUTF8.h : warning C4819: The file contains a character that cannot be represented in the current code page (1257). Save the file in Unicode format to prevent data loss (compiling source file ..\renderer\CCTextureAtlas.cpp)
C:\Users\Martins\Desktop\C++ Projects\Flatroad\cocos2d\cocos\base/ccUTF8.h : warning C4819: The file contains a character that cannot be represented in the current code page (1257). Save the file in Unicode format to prevent data loss (compiling source file ..\renderer\CCTextureCache.cpp)
  CCTextureCube.cpp
  CCTrianglesCommand.cpp
  CCVertexAttribBinding.cpp
  CCVertexIndexBuffer.cpp
  CCVertexIndexData.cpp
  LocalStorage.cpp
  CocosGUI.cpp
  UIButton.cpp
  UIAbstractCheckButton.cpp
  UICheckBox.cpp
  UIRadioButton.cpp
  UIDeprecated.cpp
  UIEditBox.cpp
  UIEditBoxImpl-win32.cpp
  UIHBox.cpp
  UIHelper.cpp
C:\Users\Martins\Desktop\C++ Projects\Flatroad\cocos2d\cocos\base/ccUTF8.h : warning C4819: The file contains a character that cannot be represented in the current code page (1257). Save the file in Unicode format to prevent data loss (compiling source file ..\ui\UIEditBox\UIEditBoxImpl-win32.cpp)
..\ui\UIEditBox\UIEditBoxImpl-win32.cpp(259): warning C4302: 'type cast': truncation from 'LPCSTR' to 'WORD'
..\ui\UIEditBox\UIEditBoxImpl-win32.cpp(900): warning C4996: 'cocos2d::ui::EditBoxDelegate::editBoxEditingDidEnd': was declared deprecated
  C:\Users\Martins\Desktop\C++ Projects\Flatroad\cocos2d\cocos\ui/UIEditBox/UIEditBox.h(80): note: see declaration of 'cocos2d::ui::EditBoxDelegate::editBoxEditingDidEnd'
  UIImageView.cpp
C:\Users\Martins\Desktop\C++ Projects\Flatroad\cocos2d\cocos\base/ccUTF8.h : warning C4819: The file contains a character that cannot be represented in the current code page (1257). Save the file in Unicode format to prevent data loss (compiling source file ..\ui\UIHelper.cpp)
  UILayout.cpp
  UILayoutComponent.cpp
  UILayoutManager.cpp
  UILayoutParameter.cpp
  UIListView.cpp
  UILoadingBar.cpp
  UIPageView.cpp
  UIPageViewIndicator.cpp
  UIRelativeBox.cpp
  UIRichText.cpp
  UIScale9Sprite.cpp
  UIScrollView.cpp
C:\Users\Martins\Desktop\C++ Projects\Flatroad\cocos2d\cocos\base/ccUTF8.h : warning C4819: The file contains a character that cannot be represented in the current code page (1257). Save the file in Unicode format to prevent data loss (compiling source file ..\ui\UIRichText.cpp)
  UIScrollViewBar.cpp
C:\Users\Martins\Desktop\C++ Projects\Flatroad\cocos2d\cocos\base/ccUTF8.h : warning C4819: The file contains a character that cannot be represented in the current code page (1257). Save the file in Unicode format to prevent data loss (compiling source file ..\ui\UIScale9Sprite.cpp)
  UISlider.cpp
  UITabControl.cpp
  UIText.cpp
  UITextAtlas.cpp
  UITextBMFont.cpp
  UITextField.cpp
  UIVBox.cpp
  UIWebView.cpp
  UIWidget.cpp
C:\Users\Martins\Desktop\C++ Projects\Flatroad\cocos2d\cocos\base/ccUTF8.h : warning C4819: The file contains a character that cannot be represented in the current code page (1257). Save the file in Unicode format to prevent data loss (compiling source file ..\ui\UITextField.cpp)
  CCVRDistortion.cpp
  CCVRDistortionMesh.cpp
  CCVRGenericHeadTracker.cpp
  CCVRGenericRenderer.cpp
  CCAction.cpp
  CCActionCamera.cpp
  CCActionCatmullRom.cpp
C:\Users\Martins\Desktop\C++ Projects\Flatroad\cocos2d\cocos\base/ccUTF8.h : warning C4819: The file contains a character that cannot be represented in the current code page (1257). Save the file in Unicode format to prevent data loss (compiling source file CCAction.cpp)
  CCActionEase.cpp
  CCActionGrid.cpp
  CCActionGrid3D.cpp
  CCActionInstant.cpp
  CCActionInterval.cpp
  CCActionManager.cpp
  CCActionPageTurn3D.cpp
  CCActionProgressTimer.cpp
  CCActionTiledGrid.cpp
  CCActionTween.cpp
  CCAnimation.cpp
  CCAnimationCache.cpp
  CCAtlasNode.cpp
  CCAutoPolygon.cpp
  CCCamera.cpp
  CCCameraBackgroundBrush.cpp
  CCClippingNode.cpp
  CCClippingRectangleNode.cpp
  CCComponent.cpp
  CCComponentContainer.cpp
  CCDrawingPrimitives.cpp
  CCDrawNode.cpp
  CCFastTMXLayer.cpp
  CCFastTMXTiledMap.cpp
C:\Users\Martins\Desktop\C++ Projects\Flatroad\cocos2d\cocos\base/ccUTF8.h : warning C4819: The file contains a character that cannot be represented in the current code page (1257). Save the file in Unicode format to prevent data loss (compiling source file CCFastTMXLayer.cpp)
C:\Users\Martins\Desktop\C++ Projects\Flatroad\cocos2d\cocos\base/ccUTF8.h : warning C4819: The file contains a character that cannot be represented in the current code page (1257). Save the file in Unicode format to prevent data loss (compiling source file CCFastTMXTiledMap.cpp)
  CCFontAtlas.cpp
  CCFontAtlasCache.cpp
C:\Users\Martins\Desktop\C++ Projects\Flatroad\cocos2d\cocos\base/ccUTF8.h : warning C4819: The file contains a character that cannot be represented in the current code page (1257). Save the file in Unicode format to prevent data loss (compiling source file CCFontAtlas.cpp)
  CCFontCharMap.cpp
  CCFontFNT.cpp
  CCFontFreeType.cpp
CCFontFreeType.cpp : warning C4819: The file contains a character that cannot be represented in the current code page (1257). Save the file in Unicode format to prevent data loss
C:\Users\Martins\Desktop\C++ Projects\Flatroad\cocos2d\cocos\base/ccUTF8.h : warning C4819: The file contains a character that cannot be represented in the current code page (1257). Save the file in Unicode format to prevent data loss (compiling source file CCFontFNT.cpp)
  CCGLBufferedNode.cpp
  CCGrabber.cpp
  CCGrid.cpp
C:\Users\Martins\Desktop\C++ Projects\Flatroad\cocos2d\cocos\base/ccUTF8.h : warning C4819: The file contains a character that cannot be represented in the current code page (1257). Save the file in Unicode format to prevent data loss (compiling source file CCFontFreeType.cpp)
  CCLabel.cpp
  CCLabelAtlas.cpp
  CCLabelBMFont.cpp
C:\Users\Martins\Desktop\C++ Projects\Flatroad\cocos2d\cocos\base/ccUTF8.h : warning C4819: The file contains a character that cannot be represented in the current code page (1257). Save the file in Unicode format to prevent data loss (compiling source file CCLabel.cpp)
C:\Users\Martins\Desktop\C++ Projects\Flatroad\cocos2d\cocos\base/ccUTF8.h : warning C4819: The file contains a character that cannot be represented in the current code page (1257). Save the file in Unicode format to prevent data loss (compiling source file CCLabelAtlas.cpp)
C:\Users\Martins\Desktop\C++ Projects\Flatroad\cocos2d\cocos\base/ccUTF8.h : warning C4819: The file contains a character that cannot be represented in the current code page (1257). Save the file in Unicode format to prevent data loss (compiling source file CCLabelBMFont.cpp)
  CCLabelTextFormatter.cpp
  CCLabelTTF.cpp
  CCLayer.cpp
C:\Users\Martins\Desktop\C++ Projects\Flatroad\cocos2d\cocos\base/ccUTF8.h : warning C4819: The file contains a character that cannot be represented in the current code page (1257). Save the file in Unicode format to prevent data loss (compiling source file CCLabelTextFormatter.cpp)
C:\Users\Martins\Desktop\C++ Projects\Flatroad\cocos2d\cocos\base/ccUTF8.h : warning C4819: The file contains a character that cannot be represented in the current code page (1257). Save the file in Unicode format to prevent data loss (compiling source file CCLabelTTF.cpp)
  CCLight.cpp
C:\Users\Martins\Desktop\C++ Projects\Flatroad\cocos2d\cocos\base/ccUTF8.h : warning C4819: The file contains a character that cannot be represented in the current code page (1257). Save the file in Unicode format to prevent data loss (compiling source file CCLayer.cpp)
  CCMenu.cpp
  CCMenuItem.cpp
  CCMotionStreak.cpp
C:\Users\Martins\Desktop\C++ Projects\Flatroad\cocos2d\cocos\base/ccUTF8.h : warning C4819: The file contains a character that cannot be represented in the current code page (1257). Save the file in Unicode format to prevent data loss (compiling source file CCMenu.cpp)
  CCNode.cpp
C:\Users\Martins\Desktop\C++ Projects\Flatroad\cocos2d\cocos\base/ccUTF8.h : warning C4819: The file contains a character that cannot be represented in the current code page (1257). Save the file in Unicode format to prevent data loss (compiling source file CCMenuItem.cpp)
  CCNodeGrid.cpp
C:\Users\Martins\Desktop\C++ Projects\Flatroad\cocos2d\cocos\base/ccUTF8.h : warning C4819: The file contains a character that cannot be represented in the current code page (1257). Save the file in Unicode format to prevent data loss (compiling source file CCNode.cpp)
  CCParallaxNode.cpp
  CCParticleBatchNode.cpp
C:\Users\Martins\Desktop\C++ Projects\Flatroad\cocos2d\cocos\base/ccUTF8.h : warning C4819: The file contains a character that cannot be represented in the current code page (1257). Save the file in Unicode format to prevent data loss (compiling source file CCParticleBatchNode.cpp)
  CCParticleExamples.cpp
  CCParticleSystem.cpp
  CCParticleSystemQuad.cpp
C:\Users\Martins\Desktop\C++ Projects\Flatroad\cocos2d\cocos\base/ccUTF8.h : warning C4819: The file contains a character that cannot be represented in the current code page (1257). Save the file in Unicode format to prevent data loss (compiling source file CCParticleSystem.cpp)
  CCProgressTimer.cpp
C:\Users\Martins\Desktop\C++ Projects\Flatroad\cocos2d\cocos\base/ccUTF8.h : warning C4819: The file contains a character that cannot be represented in the current code page (1257). Save the file in Unicode format to prevent data loss (compiling source file CCParticleSystemQuad.cpp)
  CCProtectedNode.cpp
  CCRenderTexture.cpp
  CCScene.cpp
  CCSprite.cpp
  CCSpriteBatchNode.cpp
C:\Users\Martins\Desktop\C++ Projects\Flatroad\cocos2d\cocos\base/ccUTF8.h : warning C4819: The file contains a character that cannot be represented in the current code page (1257). Save the file in Unicode format to prevent data loss (compiling source file CCScene.cpp)
C:\Users\Martins\Desktop\C++ Projects\Flatroad\cocos2d\cocos\base/ccUTF8.h : warning C4819: The file contains a character that cannot be represented in the current code page (1257). Save the file in Unicode format to prevent data loss (compiling source file CCSprite.cpp)
C:\Users\Martins\Desktop\C++ Projects\Flatroad\cocos2d\cocos\base/ccUTF8.h : warning C4819: The file contains a character that cannot be represented in the current code page (1257). Save the file in Unicode format to prevent data loss (compiling source file CCSpriteBatchNode.cpp)
  CCSpriteFrame.cpp
  CCSpriteFrameCache.cpp
  CCTextFieldTTF.cpp
  CCTileMapAtlas.cpp
C:\Users\Martins\Desktop\C++ Projects\Flatroad\cocos2d\cocos\base/ccUTF8.h : warning C4819: The file contains a character that cannot be represented in the current code page (1257). Save the file in Unicode format to prevent data loss (compiling source file CCSpriteFrameCache.cpp)
C:\Users\Martins\Desktop\C++ Projects\Flatroad\cocos2d\cocos\base/ccUTF8.h : warning C4819: The file contains a character that cannot be represented in the current code page (1257). Save the file in Unicode format to prevent data loss (compiling source file CCTextFieldTTF.cpp)
C:\Users\Martins\Desktop\C++ Projects\Flatroad\cocos2d\cocos\base/ccUTF8.h : warning C4819: The file contains a character that cannot be represented in the current code page (1257). Save the file in Unicode format to prevent data loss (compiling source file CCTileMapAtlas.cpp)
  CCTMXLayer.cpp
  CCTMXObjectGroup.cpp
  CCTMXTiledMap.cpp
  CCTMXXMLParser.cpp
C:\Users\Martins\Desktop\C++ Projects\Flatroad\cocos2d\cocos\base/ccUTF8.h : warning C4819: The file contains a character that cannot be represented in the current code page (1257). Save the file in Unicode format to prevent data loss (compiling source file CCTMXLayer.cpp)
  CCTransition.cpp
C:\Users\Martins\Desktop\C++ Projects\Flatroad\cocos2d\cocos\base/ccUTF8.h : warning C4819: The file contains a character that cannot be represented in the current code page (1257). Save the file in Unicode format to prevent data loss (compiling source file CCTMXTiledMap.cpp)
  CCTransitionPageTurn.cpp
  CCTransitionProgress.cpp
  CCTweenFunction.cpp
  1 File(s) copied
  2 File(s) copied
  4 File(s) copied
  2 File(s) copied
  2 File(s) copied
  3 File(s) copied
  1 File(s) copied
  1 File(s) copied
  2 File(s) copied
  File not found - *.*
  0 File(s) copied
  2 File(s) copied
  2 File(s) copied
  2 File(s) copied
  6 File(s) copied
  2 File(s) copied
  2 File(s) copied
libbullet.lib(btAlignedAllocator.obj) : warning LNK4075: ignoring '/EDITANDCONTINUE' due to '/INCREMENTAL:NO' specification
  libchipmunk-2015.lib(chipmunk.obj) : MSIL .netmodule or module compiled with /GL found; restarting link with /LTCG; add /LTCG to the link command line to improve linker performance
libbullet.lib(btAlignedAllocator.obj) : warning LNK4075: ignoring '/EDITANDCONTINUE' due to '/INCREMENTAL:NO' specification
     Creating library C:\Users\Martins\Desktop\C++ Projects\Flatroad\proj.win32\Debug.win32\libcocos2d.lib and object C:\Users\Martins\Desktop\C++ Projects\Flatroad\proj.win32\Debug.win32\libcocos2d.exp
LINK : warning LNK4098: defaultlib 'MSVCRT' conflicts with use of other libs; use /NODEFAULTLIB:library
LINK : warning LNK4098: defaultlib 'LIBCMT' conflicts with use of other libs; use /NODEFAULTLIB:library
  Generating code
  Finished generating code
websockets.lib(libwebsockets.obj) : warning LNK4049: locally defined symbol ___iob_func imported
libchipmunk-2015.lib(chipmunk.obj) : warning LNK4099: PDB 'chipmunk.pdb' was not found with 'libchipmunk-2015.lib(chipmunk.obj)' or at 'C:\Users\Martins\Desktop\C++ Projects\Flatroad\proj.win32\Debug.win32\chipmunk.pdb'; linking object as if no debug info
libchipmunk-2015.lib(cpBody.obj) : warning LNK4099: PDB 'chipmunk.pdb' was not found with 'libchipmunk-2015.lib(cpBody.obj)' or at 'C:\Users\Martins\Desktop\C++ Projects\Flatroad\proj.win32\Debug.win32\chipmunk.pdb'; linking object as if no debug info
libchipmunk-2015.lib(cpShape.obj) : warning LNK4099: PDB 'chipmunk.pdb' was not found with 'libchipmunk-2015.lib(cpShape.obj)' or at 'C:\Users\Martins\Desktop\C++ Projects\Flatroad\proj.win32\Debug.win32\chipmunk.pdb'; linking object as if no debug info
libchipmunk-2015.lib(cpConstraint.obj) : warning LNK4099: PDB 'chipmunk.pdb' was not found with 'libchipmunk-2015.lib(cpConstraint.obj)' or at 'C:\Users\Martins\Desktop\C++ Projects\Flatroad\proj.win32\Debug.win32\chipmunk.pdb'; linking object as if no debug info
libchipmunk-2015.lib(cpPinJoint.obj) : warning LNK4099: PDB 'chipmunk.pdb' was not found with 'libchipmunk-2015.lib(cpPinJoint.obj)' or at 'C:\Users\Martins\Desktop\C++ Projects\Flatroad\proj.win32\Debug.win32\chipmunk.pdb'; linking object as if no debug info
libchipmunk-2015.lib(cpSlideJoint.obj) : warning LNK4099: PDB 'chipmunk.pdb' was not found with 'libchipmunk-2015.lib(cpSlideJoint.obj)' or at 'C:\Users\Martins\Desktop\C++ Projects\Flatroad\proj.win32\Debug.win32\chipmunk.pdb'; linking object as if no debug info
libchipmunk-2015.lib(cpPivotJoint.obj) : warning LNK4099: PDB 'chipmunk.pdb' was not found with 'libchipmunk-2015.lib(cpPivotJoint.obj)' or at 'C:\Users\Martins\Desktop\C++ Projects\Flatroad\proj.win32\Debug.win32\chipmunk.pdb'; linking object as if no debug info
libchipmunk-2015.lib(cpGrooveJoint.obj) : warning LNK4099: PDB 'chipmunk.pdb' was not found with 'libchipmunk-2015.lib(cpGrooveJoint.obj)' or at 'C:\Users\Martins\Desktop\C++ Projects\Flatroad\proj.win32\Debug.win32\chipmunk.pdb'; linking object as if no debug info
libchipmunk-2015.lib(cpDampedSpring.obj) : warning LNK4099: PDB 'chipmunk.pdb' was not found with 'libchipmunk-2015.lib(cpDampedSpring.obj)' or at 'C:\Users\Martins\Desktop\C++ Projects\Flatroad\proj.win32\Debug.win32\chipmunk.pdb'; linking object as if no debug info
libchipmunk-2015.lib(cpSpace.obj) : warning LNK4099: PDB 'chipmunk.pdb' was not found with 'libchipmunk-2015.lib(cpSpace.obj)' or at 'C:\Users\Martins\Desktop\C++ Projects\Flatroad\proj.win32\Debug.win32\chipmunk.pdb'; linking object as if no debug info
libchipmunk-2015.lib(cpSpaceComponent.obj) : warning LNK4099: PDB 'chipmunk.pdb' was not found with 'libchipmunk-2015.lib(cpSpaceComponent.obj)' or at 'C:\Users\Martins\Desktop\C++ Projects\Flatroad\proj.win32\Debug.win32\chipmunk.pdb'; linking object as if no debug info
libchipmunk-2015.lib(cpArbiter.obj) : warning LNK4099: PDB 'chipmunk.pdb' was not found with 'libchipmunk-2015.lib(cpArbiter.obj)' or at 'C:\Users\Martins\Desktop\C++ Projects\Flatroad\proj.win32\Debug.win32\chipmunk.pdb'; linking object as if no debug info
libchipmunk-2015.lib(cpDampedRotarySpring.obj) : warning LNK4099: PDB 'chipmunk.pdb' was not found with 'libchipmunk-2015.lib(cpDampedRotarySpring.obj)' or at 'C:\Users\Martins\Desktop\C++ Projects\Flatroad\proj.win32\Debug.win32\chipmunk.pdb'; linking object as if no debug info
libchipmunk-2015.lib(cpRotaryLimitJoint.obj) : warning LNK4099: PDB 'chipmunk.pdb' was not found with 'libchipmunk-2015.lib(cpRotaryLimitJoint.obj)' or at 'C:\Users\Martins\Desktop\C++ Projects\Flatroad\proj.win32\Debug.win32\chipmunk.pdb'; linking object as if no debug info
libchipmunk-2015.lib(cpRatchetJoint.obj) : warning LNK4099: PDB 'chipmunk.pdb' was not found with 'libchipmunk-2015.lib(cpRatchetJoint.obj)' or at 'C:\Users\Martins\Desktop\C++ Projects\Flatroad\proj.win32\Debug.win32\chipmunk.pdb'; linking object as if no debug info
libchipmunk-2015.lib(cpGearJoint.obj) : warning LNK4099: PDB 'chipmunk.pdb' was not found with 'libchipmunk-2015.lib(cpGearJoint.obj)' or at 'C:\Users\Martins\Desktop\C++ Projects\Flatroad\proj.win32\Debug.win32\chipmunk.pdb'; linking object as if no debug info
libchipmunk-2015.lib(cpSimpleMotor.obj) : warning LNK4099: PDB 'chipmunk.pdb' was not found with 'libchipmunk-2015.lib(cpSimpleMotor.obj)' or at 'C:\Users\Martins\Desktop\C++ Projects\Flatroad\proj.win32\Debug.win32\chipmunk.pdb'; linking object as if no debug info
libchipmunk-2015.lib(cpPolyShape.obj) : warning LNK4099: PDB 'chipmunk.pdb' was not found with 'libchipmunk-2015.lib(cpPolyShape.obj)' or at 'C:\Users\Martins\Desktop\C++ Projects\Flatroad\proj.win32\Debug.win32\chipmunk.pdb'; linking object as if no debug info
libchipmunk-2015.lib(cpSpaceQuery.obj) : warning LNK4099: PDB 'chipmunk.pdb' was not found with 'libchipmunk-2015.lib(cpSpaceQuery.obj)' or at 'C:\Users\Martins\Desktop\C++ Projects\Flatroad\proj.win32\Debug.win32\chipmunk.pdb'; linking object as if no debug info
libchipmunk-2015.lib(cpSpaceStep.obj) : warning LNK4099: PDB 'chipmunk.pdb' was not found with 'libchipmunk-2015.lib(cpSpaceStep.obj)' or at 'C:\Users\Martins\Desktop\C++ Projects\Flatroad\proj.win32\Debug.win32\chipmunk.pdb'; linking object as if no debug info
libchipmunk-2015.lib(cpSpaceDebug.obj) : warning LNK4099: PDB 'chipmunk.pdb' was not found with 'libchipmunk-2015.lib(cpSpaceDebug.obj)' or at 'C:\Users\Martins\Desktop\C++ Projects\Flatroad\proj.win32\Debug.win32\chipmunk.pdb'; linking object as if no debug info
libchipmunk-2015.lib(cpArray.obj) : warning LNK4099: PDB 'chipmunk.pdb' was not found with 'libchipmunk-2015.lib(cpArray.obj)' or at 'C:\Users\Martins\Desktop\C++ Projects\Flatroad\proj.win32\Debug.win32\chipmunk.pdb'; linking object as if no debug info
libchipmunk-2015.lib(cpCollision.obj) : warning LNK4099: PDB 'chipmunk.pdb' was not found with 'libchipmunk-2015.lib(cpCollision.obj)' or at 'C:\Users\Martins\Desktop\C++ Projects\Flatroad\proj.win32\Debug.win32\chipmunk.pdb'; linking object as if no debug info
libchipmunk-2015.lib(cpHashSet.obj) : warning LNK4099: PDB 'chipmunk.pdb' was not found with 'libchipmunk-2015.lib(cpHashSet.obj)' or at 'C:\Users\Martins\Desktop\C++ Projects\Flatroad\proj.win32\Debug.win32\chipmunk.pdb'; linking object as if no debug info
libchipmunk-2015.lib(cpBBTree.obj) : warning LNK4099: PDB 'chipmunk.pdb' was not found with 'libchipmunk-2015.lib(cpBBTree.obj)' or at 'C:\Users\Martins\Desktop\C++ Projects\Flatroad\proj.win32\Debug.win32\chipmunk.pdb'; linking object as if no debug info
libchipmunk-2015.lib(cpSpaceHash.obj) : warning LNK4099: PDB 'chipmunk.pdb' was not found with 'libchipmunk-2015.lib(cpSpaceHash.obj)' or at 'C:\Users\Martins\Desktop\C++ Projects\Flatroad\proj.win32\Debug.win32\chipmunk.pdb'; linking object as if no debug info
libchipmunk-2015.lib(cpSpatialIndex.obj) : warning LNK4099: PDB 'chipmunk.pdb' was not found with 'libchipmunk-2015.lib(cpSpatialIndex.obj)' or at 'C:\Users\Martins\Desktop\C++ Projects\Flatroad\proj.win32\Debug.win32\chipmunk.pdb'; linking object as if no debug info
libchipmunk-2015.lib(cpRobust.obj) : warning LNK4099: PDB 'chipmunk.pdb' was not found with 'libchipmunk-2015.lib(cpRobust.obj)' or at 'C:\Users\Martins\Desktop\C++ Projects\Flatroad\proj.win32\Debug.win32\chipmunk.pdb'; linking object as if no debug info
libtiff-2015.lib(tif_aux.obj) : warning LNK4204: 'C:\Users\Martins\Desktop\C++ Projects\Flatroad\proj.win32\Debug.win32\vc140.pdb' is missing debugging information for referencing module; linking object as if no debug info
libtiff-2015.lib(tif_close.obj) : warning LNK4204: 'C:\Users\Martins\Desktop\C++ Projects\Flatroad\proj.win32\Debug.win32\vc140.pdb' is missing debugging information for referencing module; linking object as if no debug info
libtiff-2015.lib(tif_codec.obj) : warning LNK4204: 'C:\Users\Martins\Desktop\C++ Projects\Flatroad\proj.win32\Debug.win32\vc140.pdb' is missing debugging information for referencing module; linking object as if no debug info
libtiff-2015.lib(tif_color.obj) : warning LNK4204: 'C:\Users\Martins\Desktop\C++ Projects\Flatroad\proj.win32\Debug.win32\vc140.pdb' is missing debugging information for referencing module; linking object as if no debug info
libtiff-2015.lib(tif_compress.obj) : warning LNK4204: 'C:\Users\Martins\Desktop\C++ Projects\Flatroad\proj.win32\Debug.win32\vc140.pdb' is missing debugging information for referencing module; linking object as if no debug info
libtiff-2015.lib(tif_dir.obj) : warning LNK4204: 'C:\Users\Martins\Desktop\C++ Projects\Flatroad\proj.win32\Debug.win32\vc140.pdb' is missing debugging information for referencing module; linking object as if no debug info
libtiff-2015.lib(tif_dirinfo.obj) : warning LNK4204: 'C:\Users\Martins\Desktop\C++ Projects\Flatroad\proj.win32\Debug.win32\vc140.pdb' is missing debugging information for referencing module; linking object as if no debug info
libtiff-2015.lib(tif_dirread.obj) : warning LNK4204: 'C:\Users\Martins\Desktop\C++ Projects\Flatroad\proj.win32\Debug.win32\vc140.pdb' is missing debugging information for referencing module; linking object as if no debug info
libtiff-2015.lib(tif_dirwrite.obj) : warning LNK4204: 'C:\Users\Martins\Desktop\C++ Projects\Flatroad\proj.win32\Debug.win32\vc140.pdb' is missing debugging information for referencing module; linking object as if no debug info
libtiff-2015.lib(tif_dumpmode.obj) : warning LNK4204: 'C:\Users\Martins\Desktop\C++ Projects\Flatroad\proj.win32\Debug.win32\vc140.pdb' is missing debugging information for referencing module; linking object as if no debug info
libtiff-2015.lib(tif_error.obj) : warning LNK4204: 'C:\Users\Martins\Desktop\C++ Projects\Flatroad\proj.win32\Debug.win32\vc140.pdb' is missing debugging information for referencing module; linking object as if no debug info
libtiff-2015.lib(tif_fax3.obj) : warning LNK4204: 'C:\Users\Martins\Desktop\C++ Projects\Flatroad\proj.win32\Debug.win32\vc140.pdb' is missing debugging information for referencing module; linking object as if no debug info
libtiff-2015.lib(tif_fax3sm.obj) : warning LNK4204: 'C:\Users\Martins\Desktop\C++ Projects\Flatroad\proj.win32\Debug.win32\vc140.pdb' is missing debugging information for referencing module; linking object as if no debug info
libtiff-2015.lib(tif_getimage.obj) : warning LNK4204: 'C:\Users\Martins\Desktop\C++ Projects\Flatroad\proj.win32\Debug.win32\vc140.pdb' is missing debugging information for referencing module; linking object as if no debug info
libtiff-2015.lib(tif_flush.obj) : warning LNK4204: 'C:\Users\Martins\Desktop\C++ Projects\Flatroad\proj.win32\Debug.win32\vc140.pdb' is missing debugging information for referencing module; linking object as if no debug info
libtiff-2015.lib(tif_luv.obj) : warning LNK4204: 'C:\Users\Martins\Desktop\C++ Projects\Flatroad\proj.win32\Debug.win32\vc140.pdb' is missing debugging information for referencing module; linking object as if no debug info
libtiff-2015.lib(tif_lzw.obj) : warning LNK4204: 'C:\Users\Martins\Desktop\C++ Projects\Flatroad\proj.win32\Debug.win32\vc140.pdb' is missing debugging information for referencing module; linking object as if no debug info
libtiff-2015.lib(tif_next.obj) : warning LNK4204: 'C:\Users\Martins\Desktop\C++ Projects\Flatroad\proj.win32\Debug.win32\vc140.pdb' is missing debugging information for referencing module; linking object as if no debug info
libtiff-2015.lib(tif_open.obj) : warning LNK4204: 'C:\Users\Martins\Desktop\C++ Projects\Flatroad\proj.win32\Debug.win32\vc140.pdb' is missing debugging information for referencing module; linking object as if no debug info
libtiff-2015.lib(tif_packbits.obj) : warning LNK4204: 'C:\Users\Martins\Desktop\C++ Projects\Flatroad\proj.win32\Debug.win32\vc140.pdb' is missing debugging information for referencing module; linking object as if no debug info
libtiff-2015.lib(tif_predict.obj) : warning LNK4204: 'C:\Users\Martins\Desktop\C++ Projects\Flatroad\proj.win32\Debug.win32\vc140.pdb' is missing debugging information for referencing module; linking object as if no debug info
libtiff-2015.lib(tif_read.obj) : warning LNK4204: 'C:\Users\Martins\Desktop\C++ Projects\Flatroad\proj.win32\Debug.win32\vc140.pdb' is missing debugging information for referencing module; linking object as if no debug info
libtiff-2015.lib(tif_swab.obj) : warning LNK4204: 'C:\Users\Martins\Desktop\C++ Projects\Flatroad\proj.win32\Debug.win32\vc140.pdb' is missing debugging information for referencing module; linking object as if no debug info
libtiff-2015.lib(tif_strip.obj) : warning LNK4204: 'C:\Users\Martins\Desktop\C++ Projects\Flatroad\proj.win32\Debug.win32\vc140.pdb' is missing debugging information for referencing module; linking object as if no debug info
libtiff-2015.lib(tif_thunder.obj) : warning LNK4204: 'C:\Users\Martins\Desktop\C++ Projects\Flatroad\proj.win32\Debug.win32\vc140.pdb' is missing debugging information for referencing module; linking object as if no debug info
libtiff-2015.lib(tif_tile.obj) : warning LNK4204: 'C:\Users\Martins\Desktop\C++ Projects\Flatroad\proj.win32\Debug.win32\vc140.pdb' is missing debugging information for referencing module; linking object as if no debug info
libtiff-2015.lib(tif_warning.obj) : warning LNK4204: 'C:\Users\Martins\Desktop\C++ Projects\Flatroad\proj.win32\Debug.win32\vc140.pdb' is missing debugging information for referencing module; linking object as if no debug info
libtiff-2015.lib(tif_write.obj) : warning LNK4204: 'C:\Users\Martins\Desktop\C++ Projects\Flatroad\proj.win32\Debug.win32\vc140.pdb' is missing debugging information for referencing module; linking object as if no debug info
libtiff-2015.lib(tif_win32.obj) : warning LNK4204: 'C:\Users\Martins\Desktop\C++ Projects\Flatroad\proj.win32\Debug.win32\vc140.pdb' is missing debugging information for referencing module; linking object as if no debug info
  libcocos2d.vcxproj -> C:\Users\Martins\Desktop\C++ Projects\Flatroad\proj.win32\Debug.win32\libcocos2d.dll
  libcocos2d.vcxproj -> C:\Users\Martins\Desktop\C++ Projects\Flatroad\proj.win32\Debug.win32\libcocos2d.pdb (Full PDB)
